{"C:\\Users\\Andrei\\Documents\\test\\shaw-partners\\frontend\\src\\App.tsx": {"path":"C:\\Users\\Andrei\\Documents\\test\\shaw-partners\\frontend\\src\\App.tsx","statementMap":{"0":{"start":{"line":1,"column":0},"end":{"line":1,"column":48}},"1":{"start":{"line":3,"column":0},"end":{"line":3,"column":37}},"2":{"start":{"line":4,"column":0},"end":{"line":4,"column":44}},"3":{"start":{"line":7,"column":2},"end":{"line":12,"column":4}},"4":{"start":{"line":15,"column":0},"end":{"line":15,"column":19}}},"fnMap":{"0":{"name":"App","decl":{"start":{"line":6,"column":9},"end":{"line":6,"column":12}},"loc":{"start":{"line":6,"column":12},"end":{"line":13,"column":1}}}},"branchMap":{},"s":{"0":1,"1":1,"2":1,"3":0,"4":1},"f":{"0":0},"b":{}}
,"C:\\Users\\Andrei\\Documents\\test\\shaw-partners\\frontend\\src\\infra\\contexts\\UsersContexts.tsx": {"path":"C:\\Users\\Andrei\\Documents\\test\\shaw-partners\\frontend\\src\\infra\\contexts\\UsersContexts.tsx","statementMap":{"0":{"start":{"line":1,"column":0},"end":{"line":1,"column":78}},"1":{"start":{"line":2,"column":0},"end":{"line":2,"column":49}},"2":{"start":{"line":5,"column":21},"end":{"line":24,"column":2}},"3":{"start":{"line":63,"column":9},"end":{"line":63,"column":21}},"4":{"start":{"line":26,"column":29},"end":{"line":61,"column":1}},"5":{"start":{"line":27,"column":28},"end":{"line":27,"column":53}},"6":{"start":{"line":28,"column":38},"end":{"line":28,"column":62}},"7":{"start":{"line":29,"column":36},"end":{"line":29,"column":60}},"8":{"start":{"line":30,"column":30},"end":{"line":30,"column":50}},"9":{"start":{"line":32,"column":25},"end":{"line":37,"column":3}},"10":{"start":{"line":33,"column":4},"end":{"line":33,"column":23}},"11":{"start":{"line":34,"column":24},"end":{"line":34,"column":52}},"12":{"start":{"line":35,"column":4},"end":{"line":35,"column":26}},"13":{"start":{"line":36,"column":4},"end":{"line":36,"column":24}},"14":{"start":{"line":39,"column":2},"end":{"line":43,"column":27}},"15":{"start":{"line":40,"column":4},"end":{"line":42,"column":null}},"16":{"start":{"line":41,"column":6},"end":{"line":41,"column":29}},"17":{"start":{"line":45,"column":2},"end":{"line":60,"column":4}},"18":{"start":{"line":63,"column":23},"end":{"line":63,"column":43}}},"fnMap":{"0":{"name":"(anonymous_0)","decl":{"start":{"line":17,"column":18},"end":{"line":17,"column":23}},"loc":{"start":{"line":17,"column":29},"end":{"line":17,"column":32}}},"1":{"name":"(anonymous_1)","decl":{"start":{"line":19,"column":16},"end":{"line":19,"column":19}},"loc":{"start":{"line":19,"column":21},"end":{"line":19,"column":24}}},"2":{"name":"(anonymous_2)","decl":{"start":{"line":21,"column":13},"end":{"line":21,"column":16}},"loc":{"start":{"line":21,"column":18},"end":{"line":21,"column":21}}},"3":{"name":"(anonymous_3)","decl":{"start":{"line":23,"column":17},"end":{"line":23,"column":20}},"loc":{"start":{"line":23,"column":22},"end":{"line":23,"column":25}}},"4":{"name":"(anonymous_4)","decl":{"start":{"line":26,"column":29},"end":{"line":26,"column":30}},"loc":{"start":{"line":26,"column":65},"end":{"line":61,"column":1}}},"5":{"name":"(anonymous_5)","decl":{"start":{"line":32,"column":25},"end":{"line":32,"column":30}},"loc":{"start":{"line":32,"column":57},"end":{"line":37,"column":3}}},"6":{"name":"(anonymous_6)","decl":{"start":{"line":39,"column":12},"end":{"line":39,"column":15}},"loc":{"start":{"line":39,"column":17},"end":{"line":43,"column":3}}}},"branchMap":{"0":{"loc":{"start":{"line":40,"column":4},"end":{"line":42,"column":null}},"type":"if","locations":[{"start":{"line":40,"column":4},"end":{"line":42,"column":null}}]}},"s":{"0":1,"1":1,"2":1,"3":1,"4":1,"5":0,"6":0,"7":0,"8":0,"9":0,"10":0,"11":0,"12":0,"13":0,"14":0,"15":0,"16":0,"17":0,"18":1},"f":{"0":0,"1":0,"2":0,"3":0,"4":0,"5":0,"6":0},"b":{"0":[0]}}
,"C:\\Users\\Andrei\\Documents\\test\\shaw-partners\\frontend\\src\\infra\\packages\\index.tsx": {"path":"C:\\Users\\Andrei\\Documents\\test\\shaw-partners\\frontend\\src\\infra\\packages\\index.tsx","statementMap":{"0":{"start":{"line":1,"column":0},"end":{"line":1,"column":50}},"1":{"start":{"line":3,"column":0},"end":{"line":3,"column":65}},"2":{"start":{"line":4,"column":0},"end":{"line":4,"column":37}},"3":{"start":{"line":6,"column":25},"end":{"line":12,"column":1}},"4":{"start":{"line":7,"column":2},"end":{"line":11,"column":4}},"5":{"start":{"line":14,"column":0},"end":{"line":14,"column":32}}},"fnMap":{"0":{"name":"(anonymous_1)","decl":{"start":{"line":6,"column":25},"end":{"line":6,"column":26}},"loc":{"start":{"line":6,"column":61},"end":{"line":12,"column":1}}}},"branchMap":{},"s":{"0":1,"1":1,"2":1,"3":1,"4":0,"5":1},"f":{"0":0},"b":{}}
,"C:\\Users\\Andrei\\Documents\\test\\shaw-partners\\frontend\\src\\infra\\packages\\axios\\index.ts": {"path":"C:\\Users\\Andrei\\Documents\\test\\shaw-partners\\frontend\\src\\infra\\packages\\axios\\index.ts","statementMap":{"0":{"start":{"line":1,"column":0},"end":{"line":1,"column":26}},"1":{"start":{"line":3,"column":13},"end":{"line":8,"column":2}},"2":{"start":{"line":10,"column":0},"end":{"line":10,"column":20}}},"fnMap":{},"branchMap":{},"s":{"0":1,"1":1,"2":1},"f":{},"b":{}}
,"C:\\Users\\Andrei\\Documents\\test\\shaw-partners\\frontend\\src\\infra\\packages\\chakraui\\theme.ts": {"path":"C:\\Users\\Andrei\\Documents\\test\\shaw-partners\\frontend\\src\\infra\\packages\\chakraui\\theme.ts","statementMap":{"0":{"start":{"line":1,"column":0},"end":{"line":1,"column":47}},"1":{"start":{"line":3,"column":14},"end":{"line":16,"column":2}},"2":{"start":{"line":17,"column":0},"end":{"line":17,"column":21}}},"fnMap":{},"branchMap":{},"s":{"0":1,"1":1,"2":1},"f":{},"b":{}}
,"C:\\Users\\Andrei\\Documents\\test\\shaw-partners\\frontend\\src\\infra\\services\\get-users.ts": {"path":"C:\\Users\\Andrei\\Documents\\test\\shaw-partners\\frontend\\src\\infra\\services\\get-users.ts","statementMap":{"0":{"start":{"line":1,"column":0},"end":{"line":1,"column":37}},"1":{"start":{"line":4,"column":24},"end":{"line":12,"column":1}},"2":{"start":{"line":5,"column":2},"end":{"line":11,"column":null}},"3":{"start":{"line":6,"column":21},"end":{"line":6,"column":68}},"4":{"start":{"line":8,"column":4},"end":{"line":8,"column":31}},"5":{"start":{"line":10,"column":4},"end":{"line":10,"column":33}},"6":{"start":{"line":4,"column":13},"end":{"line":4,"column":24}}},"fnMap":{"0":{"name":"(anonymous_1)","decl":{"start":{"line":4,"column":24},"end":{"line":4,"column":29}},"loc":{"start":{"line":4,"column":54},"end":{"line":12,"column":1}}}},"branchMap":{},"s":{"0":1,"1":1,"2":0,"3":0,"4":0,"5":0,"6":1},"f":{"0":0},"b":{}}
,"C:\\Users\\Andrei\\Documents\\test\\shaw-partners\\frontend\\src\\infra\\services\\import-file.ts": {"path":"C:\\Users\\Andrei\\Documents\\test\\shaw-partners\\frontend\\src\\infra\\services\\import-file.ts","statementMap":{"0":{"start":{"line":1,"column":0},"end":{"line":1,"column":37}},"1":{"start":{"line":3,"column":26},"end":{"line":15,"column":1}},"2":{"start":{"line":4,"column":2},"end":{"line":14,"column":null}},"3":{"start":{"line":5,"column":17},"end":{"line":5,"column":31}},"4":{"start":{"line":6,"column":21},"end":{"line":6,"column":59}},"5":{"start":{"line":8,"column":4},"end":{"line":8,"column":54}},"6":{"start":{"line":10,"column":4},"end":{"line":10,"column":44}},"7":{"start":{"line":11,"column":4},"end":{"line":11,"column":16}},"8":{"start":{"line":13,"column":4},"end":{"line":13,"column":33}},"9":{"start":{"line":3,"column":13},"end":{"line":3,"column":26}}},"fnMap":{"0":{"name":"(anonymous_1)","decl":{"start":{"line":3,"column":26},"end":{"line":3,"column":31}},"loc":{"start":{"line":3,"column":73},"end":{"line":15,"column":1}}}},"branchMap":{},"s":{"0":1,"1":1,"2":0,"3":0,"4":0,"5":0,"6":0,"7":0,"8":0,"9":1},"f":{"0":0},"b":{}}
,"C:\\Users\\Andrei\\Documents\\test\\shaw-partners\\frontend\\src\\ui\\components\\Header\\index.tsx": {"path":"C:\\Users\\Andrei\\Documents\\test\\shaw-partners\\frontend\\src\\ui\\components\\Header\\index.tsx","statementMap":{"0":{"start":{"line":1,"column":0},"end":{"line":1,"column":46}},"1":{"start":{"line":3,"column":15},"end":{"line":16,"column":1}},"2":{"start":{"line":4,"column":2},"end":{"line":15,"column":4}},"3":{"start":{"line":18,"column":0},"end":{"line":18,"column":22}}},"fnMap":{"0":{"name":"(anonymous_0)","decl":{"start":{"line":3,"column":15},"end":{"line":3,"column":18}},"loc":{"start":{"line":3,"column":20},"end":{"line":16,"column":1}}}},"branchMap":{},"s":{"0":2,"1":2,"2":0,"3":2},"f":{"0":0},"b":{}}
,"C:\\Users\\Andrei\\Documents\\test\\shaw-partners\\frontend\\src\\ui\\components\\Input\\index.tsx": {"path":"C:\\Users\\Andrei\\Documents\\test\\shaw-partners\\frontend\\src\\ui\\components\\Input\\index.tsx","statementMap":{"0":{"start":{"line":1,"column":0},"end":{"line":1,"column":62}},"1":{"start":{"line":2,"column":0},"end":{"line":2,"column":42}},"2":{"start":{"line":9,"column":14},"end":{"line":40,"column":1}},"3":{"start":{"line":10,"column":2},"end":{"line":39,"column":4}},"4":{"start":{"line":28,"column":25},"end":{"line":28,"column":49}},"5":{"start":{"line":42,"column":0},"end":{"line":42,"column":21}}},"fnMap":{"0":{"name":"(anonymous_0)","decl":{"start":{"line":9,"column":14},"end":{"line":9,"column":15}},"loc":{"start":{"line":9,"column":50},"end":{"line":40,"column":1}}},"1":{"name":"(anonymous_1)","decl":{"start":{"line":28,"column":18},"end":{"line":28,"column":19}},"loc":{"start":{"line":28,"column":25},"end":{"line":28,"column":49}}}},"branchMap":{},"s":{"0":1,"1":1,"2":1,"3":0,"4":0,"5":1},"f":{"0":0,"1":0},"b":{}}
,"C:\\Users\\Andrei\\Documents\\test\\shaw-partners\\frontend\\src\\ui\\components\\UserInfo\\index.tsx": {"path":"C:\\Users\\Andrei\\Documents\\test\\shaw-partners\\frontend\\src\\ui\\components\\UserInfo\\index.tsx","statementMap":{"0":{"start":{"line":1,"column":0},"end":{"line":1,"column":51}},"1":{"start":{"line":2,"column":0},"end":{"line":2,"column":43}},"2":{"start":{"line":3,"column":0},"end":{"line":3,"column":40}},"3":{"start":{"line":4,"column":0},"end":{"line":4,"column":41}},"4":{"start":{"line":5,"column":0},"end":{"line":5,"column":57}},"5":{"start":{"line":8,"column":17},"end":{"line":38,"column":1}},"6":{"start":{"line":9,"column":2},"end":{"line":37,"column":4}},"7":{"start":{"line":40,"column":0},"end":{"line":40,"column":24}}},"fnMap":{"0":{"name":"(anonymous_0)","decl":{"start":{"line":8,"column":17},"end":{"line":8,"column":18}},"loc":{"start":{"line":8,"column":72},"end":{"line":38,"column":1}}}},"branchMap":{},"s":{"0":2,"1":2,"2":2,"3":2,"4":2,"5":2,"6":0,"7":2},"f":{"0":0},"b":{}}
,"C:\\Users\\Andrei\\Documents\\test\\shaw-partners\\frontend\\src\\ui\\screens\\Home\\index.tsx": {"path":"C:\\Users\\Andrei\\Documents\\test\\shaw-partners\\frontend\\src\\ui\\screens\\Home\\index.tsx","statementMap":{"0":{"start":{"line":1,"column":0},"end":{"line":1,"column":40}},"1":{"start":{"line":3,"column":0},"end":{"line":3,"column":49}},"2":{"start":{"line":4,"column":0},"end":{"line":4,"column":53}},"3":{"start":{"line":5,"column":0},"end":{"line":5,"column":35}},"4":{"start":{"line":6,"column":0},"end":{"line":6,"column":69}},"5":{"start":{"line":8,"column":13},"end":{"line":16,"column":1}},"6":{"start":{"line":9,"column":25},"end":{"line":9,"column":49}},"7":{"start":{"line":11,"column":2},"end":{"line":15,"column":4}},"8":{"start":{"line":18,"column":0},"end":{"line":18,"column":20}}},"fnMap":{"0":{"name":"(anonymous_1)","decl":{"start":{"line":8,"column":13},"end":{"line":8,"column":16}},"loc":{"start":{"line":8,"column":18},"end":{"line":16,"column":1}}}},"branchMap":{"0":{"loc":{"start":{"line":13,"column":7},"end":{"line":13,"column":53}},"type":"cond-expr","locations":[{"start":{"line":13,"column":20},"end":{"line":13,"column":34}},{"start":{"line":13,"column":37},"end":{"line":13,"column":53}}]}},"s":{"0":1,"1":1,"2":1,"3":1,"4":1,"5":1,"6":0,"7":0,"8":1},"f":{"0":0},"b":{"0":[0,0]}}
,"C:\\Users\\Andrei\\Documents\\test\\shaw-partners\\frontend\\src\\ui\\screens\\Home\\components\\FileUploader\\index.tsx": {"path":"C:\\Users\\Andrei\\Documents\\test\\shaw-partners\\frontend\\src\\ui\\screens\\Home\\components\\FileUploader\\index.tsx","statementMap":{"0":{"start":{"line":1,"column":0},"end":{"line":1,"column":null}},"1":{"start":{"line":10,"column":0},"end":{"line":10,"column":61}},"2":{"start":{"line":11,"column":0},"end":{"line":11,"column":43}},"3":{"start":{"line":12,"column":0},"end":{"line":12,"column":58}},"4":{"start":{"line":13,"column":0},"end":{"line":13,"column":51}},"5":{"start":{"line":14,"column":0},"end":{"line":14,"column":75}},"6":{"start":{"line":16,"column":21},"end":{"line":95,"column":1}},"7":{"start":{"line":17,"column":38},"end":{"line":17,"column":62}},"8":{"start":{"line":18,"column":30},"end":{"line":18,"column":47}},"9":{"start":{"line":19,"column":19},"end":{"line":19,"column":49}},"10":{"start":{"line":20,"column":38},"end":{"line":20,"column":53}},"11":{"start":{"line":22,"column":2},"end":{"line":94,"column":4}},"12":{"start":{"line":60,"column":12},"end":{"line":60,"column":31}},"13":{"start":{"line":62,"column":12},"end":{"line":62,"column":58}},"14":{"start":{"line":64,"column":12},"end":{"line":64,"column":21}},"15":{"start":{"line":67,"column":12},"end":{"line":67,"column":31}},"16":{"start":{"line":68,"column":12},"end":{"line":68,"column":63}},"17":{"start":{"line":70,"column":12},"end":{"line":70,"column":21}},"18":{"start":{"line":79,"column":10},"end":{"line":79,"column":36}},"19":{"start":{"line":89,"column":10},"end":{"line":89,"column":29}},"20":{"start":{"line":90,"column":10},"end":{"line":90,"column":50}},"21":{"start":{"line":97,"column":0},"end":{"line":97,"column":28}}},"fnMap":{"0":{"name":"(anonymous_1)","decl":{"start":{"line":16,"column":21},"end":{"line":16,"column":24}},"loc":{"start":{"line":16,"column":26},"end":{"line":95,"column":1}}},"1":{"name":"(anonymous_2)","decl":{"start":{"line":59,"column":20},"end":{"line":59,"column":21}},"loc":{"start":{"line":59,"column":26},"end":{"line":65,"column":11}}},"2":{"name":"(anonymous_3)","decl":{"start":{"line":66,"column":18},"end":{"line":66,"column":19}},"loc":{"start":{"line":66,"column":24},"end":{"line":71,"column":11}}},"3":{"name":"(anonymous_4)","decl":{"start":{"line":78,"column":17},"end":{"line":78,"column":20}},"loc":{"start":{"line":78,"column":22},"end":{"line":80,"column":9}}},"4":{"name":"(anonymous_5)","decl":{"start":{"line":88,"column":19},"end":{"line":88,"column":22}},"loc":{"start":{"line":88,"column":24},"end":{"line":91,"column":9}}}},"branchMap":{"0":{"loc":{"start":{"line":43,"column":11},"end":{"line":45,"column":66}},"type":"cond-expr","locations":[{"start":{"line":44,"column":14},"end":{"line":44,"column":33}},{"start":{"line":45,"column":14},"end":{"line":45,"column":66}}]},"1":{"loc":{"start":{"line":87,"column":18},"end":{"line":87,"column":47}},"type":"binary-expr","locations":[{"start":{"line":87,"column":18},"end":{"line":87,"column":41}},{"start":{"line":87,"column":45},"end":{"line":87,"column":47}}]}},"s":{"0":1,"1":1,"2":1,"3":1,"4":1,"5":1,"6":1,"7":0,"8":0,"9":0,"10":0,"11":0,"12":0,"13":0,"14":0,"15":0,"16":0,"17":0,"18":0,"19":0,"20":0,"21":1},"f":{"0":0,"1":0,"2":0,"3":0,"4":0},"b":{"0":[0,0],"1":[0,0]}}
,"C:\\Users\\Andrei\\Documents\\test\\shaw-partners\\frontend\\src\\ui\\screens\\Home\\components\\FileUploader\\components\\AlertDialog\\index.tsx": {"path":"C:\\Users\\Andrei\\Documents\\test\\shaw-partners\\frontend\\src\\ui\\screens\\Home\\components\\FileUploader\\components\\AlertDialog\\index.tsx","statementMap":{"0":{"start":{"line":1,"column":0},"end":{"line":1,"column":null}},"1":{"start":{"line":10,"column":0},"end":{"line":10,"column":31}},"2":{"start":{"line":19,"column":20},"end":{"line":55,"column":1}},"3":{"start":{"line":25,"column":23},"end":{"line":25,"column":35}},"4":{"start":{"line":27,"column":2},"end":{"line":54,"column":4}},"5":{"start":{"line":57,"column":0},"end":{"line":57,"column":27}}},"fnMap":{"0":{"name":"(anonymous_0)","decl":{"start":{"line":19,"column":20},"end":{"line":19,"column":21}},"loc":{"start":{"line":24,"column":23},"end":{"line":55,"column":1}}}},"branchMap":{},"s":{"0":1,"1":1,"2":1,"3":0,"4":0,"5":1},"f":{"0":0},"b":{}}
,"C:\\Users\\Andrei\\Documents\\test\\shaw-partners\\frontend\\src\\ui\\screens\\Home\\components\\FileUploader\\hooks\\useFileUploader.ts": {"path":"C:\\Users\\Andrei\\Documents\\test\\shaw-partners\\frontend\\src\\ui\\screens\\Home\\components\\FileUploader\\hooks\\useFileUploader.ts","statementMap":{"0":{"start":{"line":1,"column":0},"end":{"line":1,"column":45}},"1":{"start":{"line":2,"column":0},"end":{"line":2,"column":74}},"2":{"start":{"line":3,"column":0},"end":{"line":3,"column":78}},"3":{"start":{"line":5,"column":24},"end":{"line":31,"column":1}},"4":{"start":{"line":7,"column":4},"end":{"line":7,"column":28}},"5":{"start":{"line":8,"column":40},"end":{"line":8,"column":56}},"6":{"start":{"line":11,"column":32},"end":{"line":20,"column":3}},"7":{"start":{"line":12,"column":4},"end":{"line":12,"column":35}},"8":{"start":{"line":14,"column":4},"end":{"line":18,"column":13}},"9":{"start":{"line":15,"column":6},"end":{"line":15,"column":29}},"10":{"start":{"line":16,"column":6},"end":{"line":16,"column":26}},"11":{"start":{"line":17,"column":6},"end":{"line":17,"column":26}},"12":{"start":{"line":19,"column":4},"end":{"line":19,"column":18}},"13":{"start":{"line":22,"column":2},"end":{"line":30,"column":4}},"14":{"start":{"line":33,"column":9},"end":{"line":33,"column":24}}},"fnMap":{"0":{"name":"(anonymous_0)","decl":{"start":{"line":5,"column":24},"end":{"line":5,"column":27}},"loc":{"start":{"line":5,"column":29},"end":{"line":31,"column":1}}},"1":{"name":"(anonymous_1)","decl":{"start":{"line":11,"column":32},"end":{"line":11,"column":37}},"loc":{"start":{"line":11,"column":66},"end":{"line":20,"column":3}}},"2":{"name":"(anonymous_2)","decl":{"start":{"line":14,"column":15},"end":{"line":14,"column":20}},"loc":{"start":{"line":14,"column":26},"end":{"line":18,"column":5}}}},"branchMap":{},"s":{"0":1,"1":1,"2":1,"3":1,"4":0,"5":0,"6":0,"7":0,"8":0,"9":0,"10":0,"11":0,"12":0,"13":0,"14":1},"f":{"0":0,"1":0,"2":0},"b":{}}
,"C:\\Users\\Andrei\\Documents\\test\\shaw-partners\\frontend\\src\\ui\\screens\\Home\\components\\UsersTable\\index.tsx": {"path":"C:\\Users\\Andrei\\Documents\\test\\shaw-partners\\frontend\\src\\ui\\screens\\Home\\components\\UsersTable\\index.tsx","statementMap":{"0":{"start":{"line":1,"column":0},"end":{"line":1,"column":54}},"1":{"start":{"line":2,"column":0},"end":{"line":2,"column":35}},"2":{"start":{"line":3,"column":0},"end":{"line":3,"column":75}},"3":{"start":{"line":4,"column":0},"end":{"line":4,"column":44}},"4":{"start":{"line":5,"column":0},"end":{"line":5,"column":55}},"5":{"start":{"line":6,"column":0},"end":{"line":6,"column":49}},"6":{"start":{"line":8,"column":26},"end":{"line":49,"column":1}},"7":{"start":{"line":9,"column":50},"end":{"line":9,"column":74}},"8":{"start":{"line":10,"column":2},"end":{"line":48,"column":4}},"9":{"start":{"line":42,"column":14},"end":{"line":42,"column":36}},"10":{"start":{"line":8,"column":13},"end":{"line":8,"column":26}},"11":{"start":{"line":50,"column":0},"end":{"line":50,"column":26}}},"fnMap":{"0":{"name":"(anonymous_1)","decl":{"start":{"line":8,"column":26},"end":{"line":8,"column":29}},"loc":{"start":{"line":8,"column":31},"end":{"line":49,"column":1}}},"1":{"name":"(anonymous_2)","decl":{"start":{"line":41,"column":23},"end":{"line":41,"column":24}},"loc":{"start":{"line":42,"column":14},"end":{"line":42,"column":36}}}},"branchMap":{"0":{"loc":{"start":{"line":37,"column":9},"end":{"line":44,"column":null}},"type":"cond-expr","locations":[{"start":{"line":38,"column":10},"end":{"line":38,"column":33}},{"start":{"line":40,"column":10},"end":{"line":43,"column":null}}]}},"s":{"0":1,"1":1,"2":1,"3":1,"4":1,"5":1,"6":1,"7":0,"8":0,"9":0,"10":1,"11":1},"f":{"0":0,"1":0},"b":{"0":[0,0]}}
}
